
> nextn@0.1.0 dev
> next dev --turbopack -p 9002 -p 9003

   ▲ Next.js 15.5.9 (Turbopack)
   - Local:        http://localhost:9003
   - Network:      http://10.88.0.3:9003
   - Environments: .env.local

 ✓ Starting...
 ✓ Ready in 2.7s
 ○ Compiling / ...
 ✓ Compiled / in 19.4s
 GET / 200 in 20703ms
 GET / 200 in 14429ms
 ⚠ Cross origin request detected from 9003-firebase-studio-1767836392299.cluster-j6d3cbsvdbe5uxnhqrfzzeyj7i.cloudworkstations.dev to /_next/* resource. In a future major version of Next.js, you will need to explicitly configure "allowedDevOrigins" in next.config to allow this.
Read more: https://nextjs.org/docs/app/api-reference/config/next-config-js/allowedDevOrigins
 ○ Compiling /project/[id] ...
 ✓ Compiled /project/[id] in 3.4s
 GET /project/22a09c7f-adeb-40e9-a01a-8d9e3d95e374 200 in 5533ms
 ○ Compiling /project/[id]/batch/[batchId] ...
 ✓ Compiled /project/[id]/batch/[batchId] in 2.6s
 GET /project/22a09c7f-adeb-40e9-a01a-8d9e3d95e374/batch/18160f74-c89d-4914-a822-99fec4f5f3c6 200 in 4206ms
 ○ Compiling /api/batches/[batchId]/reset ...
 ✓ Compiled /api/batches/[batchId]/reset in 2.2s
[Reset] Resetting batch 18160f74-c89d-4914-a822-99fec4f5f3c6...
[Reset] Batch 18160f74-c89d-4914-a822-99fec4f5f3c6 reset successfully.
 POST /api/batches/18160f74-c89d-4914-a822-99fec4f5f3c6/reset 200 in 6196ms
 ○ Compiling /api/batches/[batchId]/start ...
 ✓ Compiled /api/batches/[batchId]/start in 1515ms
 POST /api/batches/18160f74-c89d-4914-a822-99fec4f5f3c6/start 200 in 4237ms
 ○ Compiling /api/worker/run ...
 ✓ Compiled /api/worker/run in 18.3s
Processing Job 2a519cb9-c37a-44b9-b2fa-008758b58f47 (EXTRACT)...
Processing Job 2a519cb9-c37a-44b9-b2fa-008758b58f47 (EXTRACT)...
[Excel Parser] Row 10 candidate - Unit validation: 100.0%, Total score: 210.7
[Excel Classify] Detected POSSIBLE TITLE: "OBRAS PRELIMINARES" (Unit: "")
[Excel Classify] Detected POSSIBLE TITLE: "TABIQUES" (Unit: "")
[Excel Classify] Detected POSSIBLE TITLE: "CIELOS" (Unit: "")
[Excel Classify] Detected POSSIBLE TITLE: "PINTURAS Y REVESTIMIENTOS DE MURO" (Unit: "")
[Excel Classify] Detected POSSIBLE TITLE: "PAVIMENTOS" (Unit: "")
[Excel Classify] Detected POSSIBLE TITLE: "PUERTAS Y QUINCALLERIA" (Unit: "")
[Excel Classify] Detected POSSIBLE TITLE: "LUMINARIAS" (Unit: "")
[Excel Classify] Detected POSSIBLE TITLE: "FACHADA" (Unit: "")
[Excel Classify] Detected POSSIBLE TITLE: "INSTALACIONES" (Unit: "")
[Excel Classify] Detected POSSIBLE TITLE: "Climatización" (Unit: "")
[Excel Classify] Detected POSSIBLE TITLE: "Instalación Eléctrica" (Unit: "")
[Excel Classify] Detected POSSIBLE TITLE: "Instalación Incendio" (Unit: "")
[Excel Classify] Detected POSSIBLE TITLE: "Instalacion Sanitaria" (Unit: "")
[Excel Parser] Row 10 candidate - Unit validation: 100.0%, Total score: 210.7
[Excel Classify] Detected POSSIBLE TITLE: "OBRAS PRELIMINARES" (Unit: "")
[Excel Classify] Detected POSSIBLE TITLE: "TABIQUES" (Unit: "")
[Excel Classify] Detected POSSIBLE TITLE: "CIELOS" (Unit: "")
[Excel Classify] Detected POSSIBLE TITLE: "PINTURAS Y REVESTIMIENTOS DE MURO" (Unit: "")
[Excel Classify] Detected POSSIBLE TITLE: "PAVIMENTOS" (Unit: "")
[Excel Classify] Detected POSSIBLE TITLE: "PUERTAS Y QUINCALLERIA" (Unit: "")
[Excel Classify] Detected POSSIBLE TITLE: "LUMINARIAS" (Unit: "")
[Excel Classify] Detected POSSIBLE TITLE: "FACHADA" (Unit: "")
[Excel Classify] Detected POSSIBLE TITLE: "INSTALACIONES" (Unit: "")
[Excel Classify] Detected POSSIBLE TITLE: "Climatización" (Unit: "")
[Excel Classify] Detected POSSIBLE TITLE: "Instalación Eléctrica" (Unit: "")
[Excel Classify] Detected POSSIBLE TITLE: "Instalación Incendio" (Unit: "")
[Excel Classify] Detected POSSIBLE TITLE: "Instalacion Sanitaria" (Unit: "")
[Pipeline] Successfully updated file 00. LdS PAK - Planilla cotizaciขn OOCC.xlsx to 'extracted'
[Pipeline] Checking trigger for batch 18160f74-c89d-4914-a822-99fec4f5f3c6...
[Pipeline] Successfully updated file 00. LdS PAK - Planilla cotizaciขn OOCC.xlsx to 'extracted'
[Pipeline] Checking trigger for batch 18160f74-c89d-4914-a822-99fec4f5f3c6...
[Pipeline] File statuses: [00. LdS PAK - Planilla cotizaciขn OOCC.xlsx: extracted, LDS_PAK - (LC) (1).dxf: queued]
[Pipeline] Not all files extracted yet. Waiting...
[Pipeline] File statuses: [00. LdS PAK - Planilla cotizaciขn OOCC.xlsx: extracted, LDS_PAK - (LC) (1).dxf: queued]
[Pipeline] Not all files extracted yet. Waiting...
 POST /api/worker/run 200 in 22833ms
 POST /api/worker/run 200 in 23018ms
Processing Job 9b721478-917e-4fff-be14-0933924c6eb6 (EXTRACT)...
[GeometryService] Checking health at http://localhost:8000/health...
[GeometryService] Health check result: HEALTHY (status: 200)
[DXF] Using Python Geometry Service for LDS_PAK - (LC) (1).dxf...
 POST /api/worker/run 200 in 1791ms
[DXF] Service returned 0 items (with regions!)
[DXF] Parsed 0 items from LDS_PAK - (LC) (1).dxf (UTF-8)
[Pipeline] Successfully updated file LDS_PAK - (LC) (1).dxf to 'extracted'
[Pipeline] Checking trigger for batch 18160f74-c89d-4914-a822-99fec4f5f3c6...
[Pipeline] File statuses: [00. LdS PAK - Planilla cotizaciขn OOCC.xlsx: extracted, LDS_PAK - (LC) (1).dxf: extracted]
[Pipeline] Batch status: processing
[Pipeline] Attempting to lock batch for mapping...
All files for batch 18160f74-c89d-4914-a822-99fec4f5f3c6 extracted. Starting matching...
[Mapping] Starting mapping for batch 18160f74-c89d-4914-a822-99fec4f5f3c6...
[Mapping] Batch loaded: 18160f74-c89d-4914-a822-99fec4f5f3c6
[Mapping] Found 2 files
[Mapping] Loading excel file: 18160f74-c89d-4914-a822-99fec4f5f3c6/47dc18cb-ac31-42b9-a616-b4a8f0e24921.json
[Mapping] Parsed excel file: 116 items
[Mapping] Loading dxf file: 18160f74-c89d-4914-a822-99fec4f5f3c6/c72b95b4-7b3b-4141-8ecc-2b26b12dbee5.json
[Mapping] Parsed dxf file: 0 items
[Mapping] Loaded 116 Excel items and 0 DXF items
[Mapping] Excel Discipline: UNKNOWN
[Matcher] No layer profiles created
[Discipline] Inferred: ARQUITECTURA (high) from sheet_name
[Matcher] P0.C: Built 0 layer candidates for matching
[Subtype] "Impermeabilización membrana asfáltica según plano" → Área de Techo (95%)
  Keywords: [impermeabilizacion, membrana, asfaltica]
[Matcher] Row 15: "Impermeabilización membrana asfáltica según plano"
  Excel Unit: "m2" → Expected Measure Type: AREA
  Classification: AREA (confidence: 1)
[Phase 8] ℹ️ Pending status with calculated qty: 0.00 (keeping value)
[Phase 8] calcMethod missing for qty 0, status: pending_needs_layer_pick
[Subtype] "Sobrelosa de 8cm" → Área de Piso (95%)
  Keywords: [sobrelosa, losa]
[Matcher] Row 16: "Sobrelosa de 8cm"
  Excel Unit: "m2" → Expected Measure Type: AREA
  Classification: AREA (confidence: 1)
[Phase 8] ℹ️ Pending status with calculated qty: 0.00 (keeping value)
[Phase 8] calcMethod missing for qty 0, status: pending_needs_layer_pick
[Subtype] "TAB 01: sobretabique simple sala de ventas, montante estructural 60 + plancha MDF 15 mm" → Área de Techo (95%)
  Keywords: [plancha]
[Matcher] Row 22: "TAB 01: sobretabique simple sala de ventas, montante estructural 60 + plancha MDF 15 mm"
  Excel Unit: "m2" → Expected Measure Type: AREA
  Classification: AREA (confidence: 1)
  [P0.2] ⚠️ WALL intent but NO layers with length_total_m > 0
[Phase 8] ℹ️ Pending status with calculated qty: 0.00 (keeping value)
[Phase 8] calcMethod missing for qty 0, status: pending_needs_layer_pick
[Subtype] "TAB 02: sobretabique simple bodega, montante estructural 60 + plancha yeso carton 15 mm" → Área de Muro (95%)
  Keywords: [tabique, tabiqu, yeso]
[Matcher] Row 23: "TAB 02: sobretabique simple bodega, montante estructural 60 + plancha yeso carton 15 mm"
  Excel Unit: "m2" → Expected Measure Type: AREA
  Classification: AREA (confidence: 1)
  [P0.2] ⚠️ WALL intent but NO layers with length_total_m > 0
[Phase 8] ℹ️ Pending status with calculated qty: 0.00 (keeping value)
[Phase 8] calcMethod missing for qty 0, status: pending_needs_layer_pick
[Subtype] "TAB 03: tabique simple divisorio, montante estructural 90 + plancha yeso carton 15 mm una cara + plancha MDF 15mm una cara" → Área de Muro (95%)
  Keywords: [tabique, tabiqu, yeso]
[Matcher] Row 24: "TAB 03: tabique simple divisorio, montante estructural 90 + plancha yeso carton 15 mm una cara + plancha MDF 15mm una cara"
  Excel Unit: "m2" → Expected Measure Type: AREA
  Classification: AREA (confidence: 1)
  [P0.2] ⚠️ WALL intent but NO layers with length_total_m > 0
[Phase 8] ℹ️ Pending status with calculated qty: 0.00 (keeping value)
[Phase 8] calcMethod missing for qty 0, status: pending_needs_layer_pick
[Subtype] "Sobretabique pilar montante estructural 60 + plancha yeso carton 15 mm, considera esquinas redondeadas según detalle" → Área de Muro (95%)
  Keywords: [tabique, tabiqu, yeso]
[Matcher] Row 25: "Sobretabique pilar montante estructural 60 + plancha yeso carton 15 mm, considera esquinas redondeadas según detalle"
  Excel Unit: "m2" → Expected Measure Type: AREA
  Classification: AREA (confidence: 1)
  [P0.2] ⚠️ WALL intent but NO layers with length_total_m > 0
[Phase 8] ℹ️ Pending status with calculated qty: 0.00 (keeping value)
[Phase 8] calcMethod missing for qty 0, status: pending_needs_layer_pick
[Subtype] "Tabique fachada montante estructural 60 + plancha MDF 15 mm" → Área de Muro (95%)
  Keywords: [tabique, tabiqu]
[Matcher] Row 26: "Tabique fachada montante estructural 60 + plancha MDF 15 mm"
  Excel Unit: "m2" → Expected Measure Type: AREA
  Classification: AREA (confidence: 1)
  [P0.2] ⚠️ WALL intent but NO layers with length_total_m > 0
[Phase 8] ℹ️ Pending status with calculated qty: 0.00 (keeping value)
[Phase 8] calcMethod missing for qty 0, status: pending_needs_layer_pick
[Subtype] "Refuerzo oculto en tabique TERCIADO 15mm en tabique para fijacion TDA, RACK DE DATOS, estanterias de bodega, escalera gatera" → Área de Muro (95%)
  Keywords: [tabique, tabiqu]
[Matcher] Row 27: "Refuerzo oculto en tabique TERCIADO 15mm en tabique para fijacion TDA, RACK DE DATOS, estanterias de bodega, escalera gatera"
  Excel Unit: "m2" → Expected Measure Type: AREA
  Classification: AREA (confidence: 1)
  [P0.2] ⚠️ WALL intent but NO layers with length_total_m > 0
[Phase 8] ℹ️ Pending status with calculated qty: 0.00 (keeping value)
[Phase 8] calcMethod missing for qty 0, status: pending_needs_layer_pick
[Subtype] "Cielo volcanita sala de ventas montante metálico estructural 60 + volcanita 10 mm" → Área de Cielo (95%)
  Keywords: [cielo]
[Matcher] Row 32: "Cielo volcanita sala de ventas montante metálico estructural 60 + volcanita 10 mm"
  Excel Unit: "m2" → Expected Measure Type: AREA
  Classification: AREA (confidence: 1)
[Phase 8] ℹ️ Pending status with calculated qty: 0.00 (keeping value)
[Phase 8] calcMethod missing for qty 0, status: pending_needs_layer_pick
[Subtype] "Cielo volcanita bodega montante metálico estructural 60 + volcanita 10 mm" → Área de Cielo (95%)
  Keywords: [cielo]
[Matcher] Row 33: "Cielo volcanita bodega montante metálico estructural 60 + volcanita 10 mm"
  Excel Unit: "m2" → Expected Measure Type: AREA
  Classification: AREA (confidence: 1)
[Phase 8] ℹ️ Pending status with calculated qty: 0.00 (keeping value)
[Phase 8] calcMethod missing for qty 0, status: pending_needs_layer_pick
[Matcher] Row 34: "Cenefa perimetral sala de ventas montante metálico estructural 60 + MDF 15 mm"
  Excel Unit: "ml" → Expected Measure Type: LENGTH
  Classification: LENGTH (confidence: 1)
[Phase 8] ℹ️ Pending status with calculated qty: 0.00 (keeping value)
[Phase 8] calcMethod missing for qty 0, status: pending_no_match
[Matcher] Row 35: "Pasarela de mantención montante estructural según detalle desde gatera hasta cortina de rollo según requerimientos a revisar en terreno, considera 60 cms de ancho libre. Considera pasamanos para restringir el paso al resto del cielo."
  Excel Unit: "ml" → Expected Measure Type: LENGTH
  Classification: LENGTH (confidence: 1)
[Phase 8] ℹ️ Pending status with calculated qty: 0.00 (keeping value)
[Phase 8] calcMethod missing for qty 0, status: pending_no_match
[Subtype] "Empaste y huincha de todos los tabiques de yeso carton" → Área de Muro (95%)
  Keywords: [tabique, tabiqu, yeso]
[Matcher] Row 41: "Empaste y huincha de todos los tabiques de yeso carton"
  Excel Unit: "m2" → Expected Measure Type: AREA
  Classification: AREA (confidence: 1)
  [P0.2] ⚠️ WALL intent but NO layers with length_total_m > 0
[Phase 8] ℹ️ Pending status with calculated qty: 0.00 (keeping value)
[Phase 8] calcMethod missing for qty 0, status: pending_needs_layer_pick
[Subtype] "Empaste y huincha de todos los cielos" → Área de Cielo (85%)
  Keywords: [cielo]
[Matcher] Row 42: "Empaste y huincha de todos los cielos"
  Excel Unit: "m2" → Expected Measure Type: AREA
  Classification: AREA (confidence: 1)
  [P0.2] ⚠️ WALL intent but NO layers with length_total_m > 0
[Phase 8] ℹ️ Pending status with calculated qty: 0.00 (keeping value)
[Phase 8] calcMethod missing for qty 0, status: pending_needs_layer_pick
[Subtype] "Pintura tabiques bodega: esmalte al agua SW 6258 TRICORN BLACK" → Área de Muro (85%)
  Keywords: [tabique, tabiqu]
[Matcher] Row 43: "Pintura tabiques bodega: esmalte al agua SW 6258 TRICORN BLACK"
  Excel Unit: "m2" → Expected Measure Type: AREA
  Classification: AREA (confidence: 1)
  [P0.2] ⚠️ WALL intent but NO layers with length_total_m > 0
[Phase 8] ℹ️ Pending status with calculated qty: 0.00 (keeping value)
[Phase 8] calcMethod missing for qty 0, status: pending_needs_layer_pick
[Subtype] "Pintura latex extracubriente blanco en cielo sala de ventas, para recibir papel mural" → Área de Cielo (95%)
  Keywords: [cielo]
[Matcher] Row 44: "Pintura latex extracubriente blanco en cielo sala de ventas, para recibir papel mural"
  Excel Unit: "m2" → Expected Measure Type: AREA
  Classification: AREA (confidence: 1)
[Phase 8] ℹ️ Pending status with calculated qty: 0.00 (keeping value)
[Phase 8] calcMethod missing for qty 0, status: pending_needs_layer_pick
[Subtype] "Pintura latex extracubriente blanco en cielo bodega" → Área de Cielo (95%)
  Keywords: [cielo]
[Matcher] Row 45: "Pintura latex extracubriente blanco en cielo bodega"
  Excel Unit: "m2" → Expected Measure Type: AREA
  Classification: AREA (confidence: 1)
[Phase 8] ℹ️ Pending status with calculated qty: 0.00 (keeping value)
[Phase 8] calcMethod missing for qty 0, status: pending_needs_layer_pick
[Subtype] "Pintura QUARZO con sellador acrilico + estuco SIP + revestimiento gres segun indicacion fabricante. PROVEEDOR: Lumine" → Área de Muro (95%)
  Keywords: [revestimiento, estuco]
[Matcher] Row 46: "Pintura QUARZO con sellador acrilico + estuco SIP + revestimiento gres segun indicacion fabricante. PROVEEDOR: Lumine"
  Excel Unit: "m2" → Expected Measure Type: AREA
  Classification: AREA (confidence: 1)
  [P0.2] ⚠️ WALL intent but NO layers with length_total_m > 0
[Phase 8] ℹ️ Pending status with calculated qty: 0.00 (keeping value)
[Phase 8] calcMethod missing for qty 0, status: pending_needs_layer_pick
[Matcher] Row 50: "Mortero nivelador"
  Excel Unit: "m2" → Expected Measure Type: AREA
  Classification: AREA (confidence: 1)
[Phase 8] ℹ️ Pending status with calculated qty: 0.00 (keeping value)
[Phase 8] calcMethod missing for qty 0, status: pending_needs_layer_pick
[Matcher] Row 51: "Marmol instalado tipo mosaico color Crema Marfil acabado sello incoloro Referencia: según muestra mandante Proveedor Brescia. Fragüe 1mm"
  Excel Unit: "m2" → Expected Measure Type: AREA
  Classification: AREA (confidence: 1)
[Phase 8] ℹ️ Pending status with calculated qty: 0.00 (keeping value)
[Phase 8] calcMethod missing for qty 0, status: pending_needs_layer_pick
[Matcher] Row 52: "Marmol instalado tipo mosaico color Rosso Alicante acabado sello incoloro Referencia: según muestra mandante Proveedor Brescia. Fragüe 1mm."
  Excel Unit: "m2" → Expected Measure Type: AREA
  Classification: AREA (confidence: 1)
[Phase 8] ℹ️ Pending status with calculated qty: 0.00 (keeping value)
[Phase 8] calcMethod missing for qty 0, status: pending_needs_layer_pick
[Matcher] Row 53: "Marmol instalado tipo mosaico color Rosso Asiago acabado opaco Referencia: según muestra mandante proveedor Brescia. Fragüe 1mm."
  Excel Unit: "m2" → Expected Measure Type: AREA
  Classification: AREA (confidence: 1)
[Phase 8] ℹ️ Pending status with calculated qty: 0.00 (keeping value)
[Phase 8] calcMethod missing for qty 0, status: pending_needs_layer_pick
[Subtype] "Pieza de marmol en acceso color Rosso Asiago acabado opaco con logo plancha de bronce e=2mm acabado opaco segun muestra, embutido en marmol *archivo grafico a proveer por mandante" → Área de Techo (95%)
  Keywords: [plancha]
[Matcher] Row 54: "Pieza de marmol en acceso color Rosso Asiago acabado opaco con logo plancha de bronce e=2mm acabado opaco segun muestra, embutido en marmol *archivo grafico a proveer por mandante"
  Excel Unit: "m2" → Expected Measure Type: AREA
  Classification: AREA (confidence: 1)
[Phase 8] ℹ️ Pending status with calculated qty: 0.00 (keeping value)
[Phase 8] calcMethod missing for qty 0, status: pending_needs_layer_pick
[Matcher] Row 55: "Tarima de marmol en vitrinas color Rosso Asiago acabado opaco, considera estructura interior"
  Excel Unit: "m2" → Expected Measure Type: AREA
  Classification: AREA (confidence: 1)
[Phase 8] ℹ️ Pending status with calculated qty: 0.00 (keeping value)
[Phase 8] calcMethod missing for qty 0, status: pending_needs_layer_pick
[Subtype] "Provision e instalacion pavimento porcelanato DISCTRICT PLUS GREIGE MATE 60X60CMS de MK. Fragüe 2mm." → Área de Piso (95%)
  Keywords: [pavimento, porcelanato]
[Matcher] Row 56: "Provision e instalacion pavimento porcelanato DISCTRICT PLUS GREIGE MATE 60X60CMS de MK. Fragüe 2mm."
  Excel Unit: "m2" → Expected Measure Type: AREA
  Classification: AREA (confidence: 1)
[Phase 8] ℹ️ Pending status with calculated qty: 0.00 (keeping value)
[Phase 8] calcMethod missing for qty 0, status: pending_needs_layer_pick
[Subtype] "Provision e instalacion pavimento IDEM MALL" → Área de Piso (95%)
  Keywords: [pavimento]
[Matcher] Row 57: "Provision e instalacion pavimento IDEM MALL"
  Excel Unit: "m2" → Expected Measure Type: AREA
  Classification: AREA (confidence: 1)
[Phase 8] ℹ️ Pending status with calculated qty: 0.00 (keeping value)
[Phase 8] calcMethod missing for qty 0, status: pending_needs_layer_pick
[Matcher] Row 58: "Provision e instalacion CUBREJUNTA OMEGA 10x10x2500MM Color Bronce"
  Excel Unit: "ml" → Expected Measure Type: LENGTH
  Classification: LENGTH (confidence: 1)
[Phase 8] ℹ️ Pending status with calculated qty: 0.00 (keeping value)
[Phase 8] calcMethod missing for qty 0, status: pending_no_match
[Subtype] "Guardapolvo porcelanato en bodega DISCTRICT PLUS GREIGE MATE 60X60CMS de MK (se considera retorno 10 cm de porcelanato piso)" → Longitud de Borde (95%)
  Keywords: [guardapolvo]
[Matcher] Row 59: "Guardapolvo porcelanato en bodega DISCTRICT PLUS GREIGE MATE 60X60CMS de MK (se considera retorno 10 cm de porcelanato piso)"
  Excel Unit: "ml" → Expected Measure Type: LENGTH
  Classification: LENGTH (confidence: 1)
[Phase 8] ℹ️ Pending status with calculated qty: 0.00 (keeping value)
[Phase 8] calcMethod missing for qty 0, status: pending_no_match
[Matcher] Row 63: "Brazo Hidráulico puerta bodega"
  Excel Unit: "un" → Expected Measure Type: BLOCK
  Classification: BLOCK (confidence: 1)
[Phase 8] ℹ️ Pending status with calculated qty: 0.00 (keeping value)
[Phase 8] calcMethod missing for qty 0, status: pending_no_match
[Subtype] "(D) Perfil de aluminio sobrepuesto rectangular. Material: Aluminio. Protección IP: IP20. Dimensiones: 16 x 6 x 3000 mm. Incluye: Difusor Opal + cinta LED SMD 2835 19,2W interior. Voltage: 12V. Luminous flux: 1.600 LM x mt. Protection IP: IP20. Dimentions: 5000 × 10 mm. PROVEEDOR: DLUZ" → HVAC (95%)
  Keywords: [difusor]
[Matcher] Row 67: "(D) Perfil de aluminio sobrepuesto rectangular. Material: Aluminio. Protección IP: IP20. Dimensiones: 16 x 6 x 3000 mm. Incluye: Difusor Opal + cinta LED SMD 2835 19,2W interior. Voltage: 12V. Luminous flux: 1.600 LM x mt. Protection IP: IP20. Dimentions: 5000 × 10 mm. PROVEEDOR: DLUZ"
  Excel Unit: "un" → Expected Measure Type: BLOCK
  Classification: BLOCK (confidence: 1)
[Phase 8] ℹ️ Pending status with calculated qty: 0.00 (keeping value)
[Phase 8] calcMethod missing for qty 0, status: pending_no_match
[Matcher] Row 68: "(D) Fuente de poder 12V 120W exterior. IP67 Voltaje de entrada: 220V, Voltaje de salida: 12V. Factor de potencia: >0.90. Protección IP: IP67. Cantidad de salidas: 2. PROVEEDOR: DLUZ"
  Excel Unit: "un" → Expected Measure Type: BLOCK
  Classification: BLOCK (confidence: 1)
[Phase 8] ℹ️ Pending status with calculated qty: 0.00 (keeping value)
[Phase 8] calcMethod missing for qty 0, status: pending_no_match
[Subtype] "(C) Foco riel magnético 6W 3.000°K NG Protección: IP20 Flujo: 600LM. Voltaje 48V. Apertura: 24°. Dimensiones: Ø35 x140 mm. Color negro. PROVEEDOR: DLUZ" → Luminaria (95%)
  Keywords: [foco]
[Matcher] Row 69: "(C) Foco riel magnético 6W 3.000°K NG Protección: IP20 Flujo: 600LM. Voltaje 48V. Apertura: 24°. Dimensiones: Ø35 x140 mm. Color negro. PROVEEDOR: DLUZ"
  Excel Unit: "un" → Expected Measure Type: BLOCK
  Classification: BLOCK (confidence: 1)
[Phase 8] ℹ️ Pending status with calculated qty: 0.00 (keeping value)
[Phase 8] calcMethod missing for qty 0, status: pending_no_match
[Subtype] "(G) Foco porta dicroico gu10 retraído fijo Base: 1xGU10 Voltaje: 220V Protección IP: IP20. Color de Equipo: Negro. Dimensiones: 101×101 mm. Perforación: 80x30x77 mm. No Incluye Ampolleta. PROVEEDOR: DLUZ" → Luminaria (95%)
  Keywords: [foco]
[Matcher] Row 70: "(G) Foco porta dicroico gu10 retraído fijo Base: 1xGU10 Voltaje: 220V Protección IP: IP20. Color de Equipo: Negro. Dimensiones: 101×101 mm. Perforación: 80x30x77 mm. No Incluye Ampolleta. PROVEEDOR: DLUZ"
  Excel Unit: "un" → Expected Measure Type: BLOCK
  Classification: BLOCK (confidence: 1)
[Phase 8] ℹ️ Pending status with calculated qty: 0.00 (keeping value)
[Phase 8] calcMethod missing for qty 0, status: pending_no_match
[Matcher] Row 71: "(G) Dicroico PHILIPS LED 7W DIMEABLE. Base: GU10. Color de Luz: 2.700°K. Consumo: 7W Voltaje: 220V. Tipo de LED: SMD Flujo: 650 Lm. Ángulo de Apertura: 36° IP: IP20. Dimeable: Sí Dimensiones: Ø50×54mm. PROVEEDOR: DLUZ"
  Excel Unit: "un" → Expected Measure Type: BLOCK
  Classification: BLOCK (confidence: 1)
[Phase 8] ℹ️ Pending status with calculated qty: 0.00 (keeping value)
[Phase 8] calcMethod missing for qty 0, status: pending_no_match
[Subtype] "(E) Downlight LED redondo 3w luz cálida, Color negro. Diámetro equipo 5cms, diámetro perforación 4cms. Altura 3 cms. PROVEEDOR: LEDSTUDIO" → Luminaria (95%)
  Keywords: [downlight]
[Matcher] Row 72: "(E) Downlight LED redondo 3w luz cálida, Color negro. Diámetro equipo 5cms, diámetro perforación 4cms. Altura 3 cms. PROVEEDOR: LEDSTUDIO"
  Excel Unit: "un" → Expected Measure Type: BLOCK
  Classification: BLOCK (confidence: 1)
[Phase 8] ℹ️ Pending status with calculated qty: 0.00 (keeping value)
[Phase 8] calcMethod missing for qty 0, status: pending_no_match
[Subtype] "(H) Foco EROS15 LED SPOT dirigible EMB BLACK 15W Color de Luz: 3.000K / 4000K Voltaje: 220V Tipo de LED: COB Flujo Lumínico: 1.350 Lm. Ángulo de Apertura: 24° IP: IP20 Dimensiones: Ø112×100 mm. Perforación: Ø95 mm PROVEEDOR: DLUZ" → Luminaria (95%)
  Keywords: [foco, spot]
[Matcher] Row 73: "(H) Foco EROS15 LED SPOT dirigible EMB BLACK 15W Color de Luz: 3.000K / 4000K Voltaje: 220V Tipo de LED: COB Flujo Lumínico: 1.350 Lm. Ángulo de Apertura: 24° IP: IP20 Dimensiones: Ø112×100 mm. Perforación: Ø95 mm PROVEEDOR: DLUZ"
  Excel Unit: "un" → Expected Measure Type: BLOCK
  Classification: BLOCK (confidence: 1)
[Phase 8] ℹ️ Pending status with calculated qty: 0.00 (keeping value)
[Phase 8] calcMethod missing for qty 0, status: pending_no_match
[Subtype] "Kit emergencia para foco embutido sala de ventas (90-120 min autonomía)" → Luminaria (95%)
  Keywords: [foco]
[Matcher] Row 74: "Kit emergencia para foco embutido sala de ventas (90-120 min autonomía)"
  Excel Unit: "un" → Expected Measure Type: BLOCK
  Classification: BLOCK (confidence: 1)
[Phase 8] ℹ️ Pending status with calculated qty: 0.00 (keeping value)
[Phase 8] calcMethod missing for qty 0, status: pending_no_match
[Matcher] Row 75: "Kit emergencia para riel sala de ventas (90-120 min autonomía)"
  Excel Unit: "un" → Expected Measure Type: BLOCK
  Classification: BLOCK (confidence: 1)
[Phase 8] ℹ️ Pending status with calculated qty: 0.00 (keeping value)
[Phase 8] calcMethod missing for qty 0, status: pending_no_match
[Subtype] "Lamparas bodega estanca LED 36W 4300 LM IP65" → Luminaria (85%)
  Keywords: [lampara]
[Matcher] Row 76: "Lamparas bodega estanca LED 36W 4300 LM IP65"
  Excel Unit: "un" → Expected Measure Type: BLOCK
  Classification: BLOCK (confidence: 1)
[Phase 8] ℹ️ Pending status with calculated qty: 0.00 (keeping value)
[Phase 8] calcMethod missing for qty 0, status: pending_no_match
[Subtype] "Lamparas bodega con kit emergencia (90-120 min autonomía)" → Luminaria (85%)
  Keywords: [lampara]
[Matcher] Row 77: "Lamparas bodega con kit emergencia (90-120 min autonomía)"
  Excel Unit: "un" → Expected Measure Type: BLOCK
  Classification: BLOCK (confidence: 1)
[Phase 8] ℹ️ Pending status with calculated qty: 0.00 (keeping value)
[Phase 8] calcMethod missing for qty 0, status: pending_no_match
[Subtype] "Lampara entretecho con kit emergencia LED 36W 4300 LM IP65" → Luminaria (95%)
  Keywords: [lampara]
[Matcher] Row 78: "Lampara entretecho con kit emergencia LED 36W 4300 LM IP65"
  Excel Unit: "un" → Expected Measure Type: BLOCK
  Classification: BLOCK (confidence: 1)
[Phase 8] ℹ️ Pending status with calculated qty: 0.00 (keeping value)
[Phase 8] calcMethod missing for qty 0, status: pending_no_match
[Matcher] Row 79: "Letrero salida (señalética emergencia)"
  Excel Unit: "un" → Expected Measure Type: BLOCK
  Classification: BLOCK (confidence: 1)
[Phase 8] ℹ️ Pending status with calculated qty: 0.00 (keeping value)
[Phase 8] calcMethod missing for qty 0, status: pending_no_match
[Subtype] "Instalación de luminarias" → Luminaria (85%)
  Keywords: [luminaria]
[Matcher] Row 80: "Instalación de luminarias"
  Excel Unit: "un" → Expected Measure Type: BLOCK
  Classification: BLOCK (confidence: 1)
[Phase 8] ℹ️ Pending status with calculated qty: 0.00 (keeping value)
[Phase 8] calcMethod missing for qty 0, status: pending_no_match
[Subtype] "Zocalo MDF 10mm revestido en fierro plegado laminado en frio E:1.5mm H:10cm electropintado color bronce" → Longitud de Borde (95%)
  Keywords: [zocalo]
[Matcher] Row 85: "Zocalo MDF 10mm revestido en fierro plegado laminado en frio E:1.5mm H:10cm electropintado color bronce"
  Excel Unit: "ml" → Expected Measure Type: LENGTH
  Classification: LENGTH (confidence: 1)
[Phase 8] ℹ️ Pending status with calculated qty: 0.00 (keeping value)
[Phase 8] calcMethod missing for qty 0, status: pending_no_match
[Subtype] "Tablero eléctrico rotulado" → Eléctrico (95%)
  Keywords: [tablero]
[Matcher] Row 95: "Tablero eléctrico rotulado"
  Excel Unit: "un" → Expected Measure Type: BLOCK
  Classification: BLOCK (confidence: 1)
[Phase 8] ℹ️ Pending status with calculated qty: 0.00 (keeping value)
[Phase 8] calcMethod missing for qty 0, status: pending_no_match
[Subtype] "Tablero clima (si lo exige mall)" → Eléctrico (95%)
  Keywords: [tablero]
[Matcher] Row 96: "Tablero clima (si lo exige mall)"
  Excel Unit: "un" → Expected Measure Type: BLOCK
  Classification: BLOCK (confidence: 1)
[Phase 8] ℹ️ Pending status with calculated qty: 0.00 (keeping value)
[Phase 8] calcMethod missing for qty 0, status: pending_no_match
[Subtype] "Alimentador desde la caja de empalme (en linea de concesion) hasta la ubicación del tablero" → Eléctrico (95%)
  Keywords: [tablero, caja]
[Matcher] Row 97: "Alimentador desde la caja de empalme (en linea de concesion) hasta la ubicación del tablero"
  Excel Unit: "un" → Expected Measure Type: BLOCK
  Classification: BLOCK (confidence: 1)
[Phase 8] ℹ️ Pending status with calculated qty: 0.00 (keeping value)
[Phase 8] calcMethod missing for qty 0, status: pending_no_match
[Matcher] Row 98: "Puntos de iluminación"
  Excel Unit: "un" → Expected Measure Type: BLOCK
  Classification: BLOCK (confidence: 1)
[Phase 8] ℹ️ Pending status with calculated qty: 0.00 (keeping value)
[Phase 8] calcMethod missing for qty 0, status: pending_no_match
[Subtype] "Puntos de iluminacion muebles" → Mobiliario (85%)
  Keywords: [mueble]
[Matcher] Row 99: "Puntos de iluminacion muebles"
  Excel Unit: "un" → Expected Measure Type: BLOCK
  Classification: BLOCK (confidence: 1)
[Phase 8] ℹ️ Pending status with calculated qty: 0.00 (keeping value)
[Phase 8] calcMethod missing for qty 0, status: pending_no_match
[Subtype] "Puntos de enchufe" → Eléctrico (95%)
  Keywords: [enchufe]
[Matcher] Row 100: "Puntos de enchufe"
  Excel Unit: "un" → Expected Measure Type: BLOCK
  Classification: BLOCK (confidence: 1)
[Phase 8] ℹ️ Pending status with calculated qty: 0.00 (keeping value)
[Phase 8] calcMethod missing for qty 0, status: pending_no_match
[Subtype] "Puntos de enchufe muebles isla (a piso)" → Eléctrico (95%)
  Keywords: [enchufe]
[Matcher] Row 101: "Puntos de enchufe muebles isla (a piso)"
  Excel Unit: "un" → Expected Measure Type: BLOCK
  Classification: BLOCK (confidence: 1)
[Phase 8] ℹ️ Pending status with calculated qty: 0.00 (keeping value)
[Phase 8] calcMethod missing for qty 0, status: pending_no_match
[Matcher] Row 102: "Puntos de datos"
  Excel Unit: "un" → Expected Measure Type: BLOCK
  Classification: BLOCK (confidence: 1)
[Phase 8] ℹ️ Pending status with calculated qty: 0.00 (keeping value)
[Phase 8] calcMethod missing for qty 0, status: pending_no_match
[Matcher] Row 103: "Canalizado cámaras de seguridad UTP cat 6e"
  Excel Unit: "un" → Expected Measure Type: BLOCK
  Classification: BLOCK (confidence: 1)
[Phase 8] ℹ️ Pending status with calculated qty: 0.00 (keeping value)
[Phase 8] calcMethod missing for qty 0, status: pending_no_match
[Matcher] Row 104: "Canalizado parlantes"
  Excel Unit: "un" → Expected Measure Type: BLOCK
  Classification: BLOCK (confidence: 1)
[Phase 8] ℹ️ Pending status with calculated qty: 0.00 (keeping value)
[Phase 8] calcMethod missing for qty 0, status: pending_no_match
[Matcher] Row 105: "Punto clima"
  Excel Unit: "un" → Expected Measure Type: BLOCK
  Classification: BLOCK (confidence: 1)
[Phase 8] ℹ️ Pending status with calculated qty: 0.00 (keeping value)
[Phase 8] calcMethod missing for qty 0, status: pending_no_match
[Matcher] Row 106: "Punto letrero"
  Excel Unit: "un" → Expected Measure Type: BLOCK
  Classification: BLOCK (confidence: 1)
[Phase 8] ℹ️ Pending status with calculated qty: 0.00 (keeping value)
[Phase 8] calcMethod missing for qty 0, status: pending_no_match
[Matcher] Row 107: "Canalización para alarma de intrusion"
  Excel Unit: "un" → Expected Measure Type: BLOCK
  Classification: BLOCK (confidence: 1)
[Phase 8] ℹ️ Pending status with calculated qty: 0.00 (keeping value)
[Phase 8] calcMethod missing for qty 0, status: pending_no_match
[Matcher] Row 108: "Puntos pantallas"
  Excel Unit: "un" → Expected Measure Type: BLOCK
  Classification: BLOCK (confidence: 1)
[Phase 8] ℹ️ Pending status with calculated qty: 0.00 (keeping value)
[Phase 8] calcMethod missing for qty 0, status: pending_no_match
[Subtype] "Puntos cajas de luz (a muro)" → Eléctrico (85%)
  Keywords: [caja]
[Matcher] Row 109: "Puntos cajas de luz (a muro)"
  Excel Unit: "un" → Expected Measure Type: BLOCK
  Classification: BLOCK (confidence: 1)
[Phase 8] ℹ️ Pending status with calculated qty: 0.00 (keeping value)
[Phase 8] calcMethod missing for qty 0, status: pending_no_match
[Matcher] Row 110: "Certificados TE1, Planos As Built *se deben entregar al final de la obra impresos y firmados en fresco por el instalador"
  Excel Unit: "un" → Expected Measure Type: BLOCK
  Classification: BLOCK (confidence: 1)
[Phase 8] ℹ️ Pending status with calculated qty: 0.00 (keeping value)
[Phase 8] calcMethod missing for qty 0, status: pending_no_match
[Matcher] Row 111: "Remarcador"
  Excel Unit: "un" → Expected Measure Type: BLOCK
  Classification: BLOCK (confidence: 1)
[Phase 8] ℹ️ Pending status with calculated qty: 0.00 (keeping value)
[Phase 8] calcMethod missing for qty 0, status: pending_no_match
[Matcher] Row 114: "Alarma en vitrina, provision e instalacion"
  Excel Unit: "un" → Expected Measure Type: BLOCK
  Classification: BLOCK (confidence: 1)
[Phase 8] ℹ️ Pending status with calculated qty: 0.00 (keeping value)
[Phase 8] calcMethod missing for qty 0, status: pending_no_match
[Matcher] Row 115: "Sensor de movimiento (zona acceso a gatera), provision e instalacion"
  Excel Unit: "un" → Expected Measure Type: BLOCK
  Classification: BLOCK (confidence: 1)
[Phase 8] ℹ️ Pending status with calculated qty: 0.00 (keeping value)
[Phase 8] calcMethod missing for qty 0, status: pending_no_match
[Matcher] Row 116: "Gabinete de datos para 14 un + ordenacables + rotulación"
  Excel Unit: "un" → Expected Measure Type: BLOCK
  Classification: BLOCK (confidence: 1)
[Phase 8] ℹ️ Pending status with calculated qty: 0.00 (keeping value)
[Phase 8] calcMethod missing for qty 0, status: pending_no_match
[Subtype] "UPS 3KVA con enchuve 16A" → Equipo (95%)
  Keywords: [ups]
[Matcher] Row 117: "UPS 3KVA con enchuve 16A"
  Excel Unit: "un" → Expected Measure Type: BLOCK
  Classification: BLOCK (confidence: 1)
[Phase 8] ℹ️ Pending status with calculated qty: 0.00 (keeping value)
[Phase 8] calcMethod missing for qty 0, status: pending_no_match
[Subtype] "Bomba impulsora (si aplica)" → Equipo (95%)
  Keywords: [bomba]
[Matcher] Row 127: "Bomba impulsora (si aplica)"
  Excel Unit: "un" → Expected Measure Type: BLOCK
  Classification: BLOCK (confidence: 1)
[Phase 8] ℹ️ Pending status with calculated qty: 0.00 (keeping value)
[Phase 8] calcMethod missing for qty 0, status: pending_no_match
[Matcher] Row 128: "Grifería (solo instalacion, provista por mandante)"
  Excel Unit: "un" → Expected Measure Type: BLOCK
  Classification: BLOCK (confidence: 1)
[Phase 8] ℹ️ Pending status with calculated qty: 0.00 (keeping value)
[Phase 8] calcMethod missing for qty 0, status: pending_no_match
[Matcher] Row 129: "Remarcador agua potable"
  Excel Unit: "un" → Expected Measure Type: BLOCK
  Classification: BLOCK (confidence: 1)
[Phase 8] ℹ️ Pending status with calculated qty: 0.00 (keeping value)
[Phase 8] calcMethod missing for qty 0, status: pending_no_match
[Matcher] Row 137: "Tapas registro para RAP"
  Excel Unit: "un" → Expected Measure Type: BLOCK
  Classification: BLOCK (confidence: 1)
[Phase 8] ℹ️ Pending status with calculated qty: 0.00 (keeping value)
[Phase 8] calcMethod missing for qty 0, status: pending_no_match
[Matcher] Row 138: "Seguro todo riesgo de construcción solicitado por Mall"
  Excel Unit: "mes" → Expected Measure Type: UNKNOWN
  Classification: UNKNOWN (confidence: 0)
[Phase 8] ℹ️ Pending status with calculated qty: 0.00 (keeping value)
[Phase 8] calcMethod missing for qty 0, status: pending_no_match
[DEBUG] matchItems returning rows: 116
[Punto Pre-classification] Forcing 'c:Users
icogDownloadswetransfer_lds-pak-licitacion-oocc_2026-01-08_0027PIL.IA{row.excel_item_text}' to AI refinement
[Punto Pre-classification] Forcing 'c:Users
icogDownloadswetransfer_lds-pak-licitacion-oocc_2026-01-08_0027PIL.IA{row.excel_item_text}' to AI refinement
[Punto Pre-classification] Forcing 'c:Users
icogDownloadswetransfer_lds-pak-licitacion-oocc_2026-01-08_0027PIL.IA{row.excel_item_text}' to AI refinement
[Punto Pre-classification] Forcing 'c:Users
icogDownloadswetransfer_lds-pak-licitacion-oocc_2026-01-08_0027PIL.IA{row.excel_item_text}' to AI refinement
[Punto Pre-classification] Forcing 'c:Users
icogDownloadswetransfer_lds-pak-licitacion-oocc_2026-01-08_0027PIL.IA{row.excel_item_text}' to AI refinement
[Punto Pre-classification] Forcing 'c:Users
icogDownloadswetransfer_lds-pak-licitacion-oocc_2026-01-08_0027PIL.IA{row.excel_item_text}' to AI refinement
[Punto Pre-classification] Forcing 'c:Users
icogDownloadswetransfer_lds-pak-licitacion-oocc_2026-01-08_0027PIL.IA{row.excel_item_text}' to AI refinement
[Punto Pre-classification] Forcing 'c:Users
icogDownloadswetransfer_lds-pak-licitacion-oocc_2026-01-08_0027PIL.IA{row.excel_item_text}' to AI refinement
[Punto Pre-classification] Forcing 'c:Users
icogDownloadswetransfer_lds-pak-licitacion-oocc_2026-01-08_0027PIL.IA{row.excel_item_text}' to AI refinement
AI Refining 62 items with Dimensional Analysis...
Processing AI batch 1/7 (items 1-10/62)
Processing AI batch 2/7 (items 11-20/62)
Processing AI batch 3/7 (items 21-30/62)
[Type Enforcement] Item 'Brazo Hidráulico puerta bodega' requires BLOCK but no block/text candidates found.
[Type Enforcement] Item '(D) Perfil de aluminio sobrepuesto rectangular. Material: Aluminio. Protección IP: IP20. Dimensiones: 16 x 6 x 3000 mm. Incluye: Difusor Opal + cinta LED SMD 2835 19,2W interior. Voltage: 12V. Luminous flux: 1.600 LM x mt. Protection IP: IP20. Dimentions: 5000 × 10 mm. PROVEEDOR: DLUZ' requires BLOCK but no block/text candidates found.
[Type Enforcement] Item '(D) Fuente de poder 12V 120W exterior. IP67 Voltaje de entrada: 220V, Voltaje de salida: 12V. Factor de potencia: >0.90. Protección IP: IP67. Cantidad de salidas: 2. PROVEEDOR: DLUZ' requires BLOCK but no block/text candidates found.
[Type Enforcement] Item '(C) Foco riel magnético 6W 3.000°K NG Protección: IP20 Flujo: 600LM. Voltaje 48V. Apertura: 24°. Dimensiones: Ø35 x140 mm. Color negro. PROVEEDOR: DLUZ' requires BLOCK but no block/text candidates found.
[Type Enforcement] Item '(G) Foco porta dicroico gu10 retraído fijo Base: 1xGU10 Voltaje: 220V Protección IP: IP20. Color de Equipo: Negro. Dimensiones: 101×101 mm. Perforación: 80x30x77 mm. No Incluye Ampolleta. PROVEEDOR: DLUZ' requires BLOCK but no block/text candidates found.
Processing AI batch 4/7 (items 31-40/62)
[Type Enforcement] Item '(G) Dicroico PHILIPS LED 7W DIMEABLE. Base: GU10. Color de Luz: 2.700°K. Consumo: 7W Voltaje: 220V. Tipo de LED: SMD Flujo: 650 Lm. Ángulo de Apertura: 36° IP: IP20. Dimeable: Sí Dimensiones: Ø50×54mm. PROVEEDOR: DLUZ' requires BLOCK but no block/text candidates found.
[Type Enforcement] Item '(E) Downlight LED redondo 3w luz cálida, Color negro. Diámetro equipo 5cms, diámetro perforación 4cms. Altura 3 cms. PROVEEDOR: LEDSTUDIO' requires BLOCK but no block/text candidates found.
[Type Enforcement] Item '(H) Foco EROS15 LED SPOT dirigible EMB BLACK 15W Color de Luz: 3.000K / 4000K Voltaje: 220V Tipo de LED: COB Flujo Lumínico: 1.350 Lm. Ángulo de Apertura: 24° IP: IP20 Dimensiones: Ø112×100 mm. Perforación: Ø95 mm PROVEEDOR: DLUZ' requires BLOCK but no block/text candidates found.
[Type Enforcement] Item 'Kit emergencia para foco embutido sala de ventas (90-120 min autonomía)' requires BLOCK but no block/text candidates found.
[Type Enforcement] Item 'Kit emergencia para riel sala de ventas (90-120 min autonomía)' requires BLOCK but no block/text candidates found.
[Type Enforcement] Item 'Lamparas bodega estanca LED 36W 4300 LM IP65' requires BLOCK but no block/text candidates found.
[Type Enforcement] Item 'Lamparas bodega con kit emergencia (90-120 min autonomía)' requires BLOCK but no block/text candidates found.
[Type Enforcement] Item 'Lampara entretecho con kit emergencia LED 36W 4300 LM IP65' requires BLOCK but no block/text candidates found.
[Type Enforcement] Item 'Letrero salida (señalética emergencia)' requires BLOCK but no block/text candidates found.
Processing AI batch 5/7 (items 41-50/62)
[Type Enforcement] Item 'Tablero eléctrico rotulado' requires BLOCK but no block/text candidates found.
[Type Enforcement] Item 'Tablero clima (si lo exige mall)' requires BLOCK but no block/text candidates found.
[Type Enforcement] Item 'Alimentador desde la caja de empalme (en linea de concesion) hasta la ubicación del tablero' requires BLOCK but no block/text candidates found.
[Type Enforcement] Item 'Puntos de iluminación' requires BLOCK but no block/text candidates found.
[Type Enforcement] Item 'Puntos de iluminacion muebles' requires BLOCK but no block/text candidates found.
[Type Enforcement] Item 'Puntos de enchufe' requires BLOCK but no block/text candidates found.
[Type Enforcement] Item 'Puntos de enchufe muebles isla (a piso)' requires BLOCK but no block/text candidates found.
[Type Enforcement] Item 'Puntos de datos' requires BLOCK but no block/text candidates found.
[Type Enforcement] Item 'Canalizado cámaras de seguridad UTP cat 6e' requires BLOCK but no block/text candidates found.
[Type Enforcement] Item 'Canalizado parlantes' requires BLOCK but no block/text candidates found.
Processing AI batch 6/7 (items 51-60/62)
[Type Enforcement] Item 'Punto clima' requires BLOCK but no block/text candidates found.
[Type Enforcement] Item 'Punto letrero' requires BLOCK but no block/text candidates found.
[Type Enforcement] Item 'Canalización para alarma de intrusion' requires BLOCK but no block/text candidates found.
[Type Enforcement] Item 'Puntos pantallas' requires BLOCK but no block/text candidates found.
[Type Enforcement] Item 'Puntos cajas de luz (a muro)' requires BLOCK but no block/text candidates found.
[Type Enforcement] Item 'Remarcador' requires BLOCK but no block/text candidates found.
[Type Enforcement] Item 'Gabinete de datos para 14 un + ordenacables + rotulación' requires BLOCK but no block/text candidates found.
[Type Enforcement] Item 'UPS 3KVA con enchuve 16A' requires BLOCK but no block/text candidates found.
[Type Enforcement] Item 'Bomba impulsora (si aplica)' requires BLOCK but no block/text candidates found.
[Type Enforcement] Item 'Remarcador agua potable' requires BLOCK but no block/text candidates found.
Processing AI batch 7/7 (items 61-62/62)
[Type Enforcement] Item 'Tapas registro para RAP' requires BLOCK but no block/text candidates found.
AI Refinement complete. Processed 62 items.
[Mapping] Inserting 116 rows in chunks of 10...
[Mapping] Chunk 1 insert failed (Attempt 1/3). Retrying in 2s... Error: TypeError: fetch failed
[Mapping] Chunk 1 insert failed (Attempt 2/3). Retrying in 2s... Error: TypeError: fetch failed
[Mapping] Successfully inserted all 116 rows.
[Mapping] Batch 18160f74-c89d-4914-a822-99fec4f5f3c6 mapping complete. Status updated to 'ready'.
 POST /api/worker/run 200 in 75416ms
 POST /api/worker/run 200 in 918ms
 ○ Compiling /api/batches/[batchId]/diagnostic ...
 ✓ Compiled /api/batches/[batchId]/diagnostic in 1205ms
 GET /api/batches/18160f74-c89d-4914-a822-99fec4f5f3c6/diagnostic 200 in 5155ms
